This file contains any messages produced by compilers while
running configure, to aid debugging if configure makes a mistake.

It was created by rpgd configure 2.5.4, which was
generated by GNU Autoconf 2.69.  Invocation command line was

  $ ./configure --enable-maintainer-mode

## --------- ##
## Platform. ##
## --------- ##

hostname = rhurst-laptop
uname -m = x86_64
uname -r = 4.4.8-300.fc23.x86_64
uname -s = Linux
uname -v = #1 SMP Wed Apr 20 16:59:27 UTC 2016

/usr/bin/uname -p = x86_64
/bin/uname -X     = unknown

/bin/arch              = x86_64
/usr/bin/arch -k       = unknown
/usr/convex/getsysinfo = unknown
/usr/bin/hostinfo      = unknown
/bin/machine           = unknown
/usr/bin/oslevel       = unknown
/bin/universe          = unknown

PATH: /usr/lib64/qt-3.3/bin
PATH: /usr/lib64/ccache
PATH: /usr/local/bin
PATH: /usr/local/sbin
PATH: /usr/bin
PATH: /usr/sbin
PATH: /home/rhurst/.local/bin
PATH: /home/rhurst/bin


## ----------- ##
## Core tests. ##
## ----------- ##

configure:2166: checking for a BSD-compatible install
configure:2234: result: /usr/bin/install -c
configure:2245: checking whether build environment is sane
configure:2300: result: yes
configure:2451: checking for a thread-safe mkdir -p
configure:2490: result: /usr/bin/mkdir -p
configure:2497: checking for gawk
configure:2513: found /usr/bin/gawk
configure:2524: result: gawk
configure:2535: checking whether make sets $(MAKE)
configure:2557: result: yes
configure:2586: checking whether make supports nested variables
configure:2603: result: yes
configure:2734: checking whether to enable maintainer-specific portions of Makefiles
configure:2743: result: yes
configure:2769: checking for style of include used by make
configure:2797: result: GNU
configure:2868: checking for gcc
configure:2884: found /usr/lib64/ccache/gcc
configure:2895: result: gcc
configure:3124: checking for C compiler version
configure:3133: gcc --version >&5
gcc (GCC) 5.3.1 20160406 (Red Hat 5.3.1-6)
Copyright (C) 2015 Free Software Foundation, Inc.
This is free software; see the source for copying conditions.  There is NO
warranty; not even for MERCHANTABILITY or FITNESS FOR A PARTICULAR PURPOSE.

configure:3144: $? = 0
configure:3133: gcc -v >&5
Using built-in specs.
COLLECT_GCC=/usr/bin/gcc
COLLECT_LTO_WRAPPER=/usr/libexec/gcc/x86_64-redhat-linux/5.3.1/lto-wrapper
Target: x86_64-redhat-linux
Configured with: ../configure --enable-bootstrap --enable-languages=c,c++,objc,obj-c++,fortran,ada,go,lto --prefix=/usr --mandir=/usr/share/man --infodir=/usr/share/info --with-bugurl=http://bugzilla.redhat.com/bugzilla --enable-shared --enable-threads=posix --enable-checking=release --enable-multilib --with-system-zlib --enable-__cxa_atexit --disable-libunwind-exceptions --enable-gnu-unique-object --enable-linker-build-id --with-linker-hash-style=gnu --enable-plugin --enable-initfini-array --disable-libgcj --with-isl --enable-libmpx --enable-gnu-indirect-function --with-tune=generic --with-arch_32=i686 --build=x86_64-redhat-linux
Thread model: posix
gcc version 5.3.1 20160406 (Red Hat 5.3.1-6) (GCC) 
configure:3144: $? = 0
configure:3133: gcc -V >&5
gcc: error: unrecognized command line option '-V'
gcc: fatal error: no input files
compilation terminated.
configure:3144: $? = 1
configure:3133: gcc -qversion >&5
gcc: error: unrecognized command line option '-qversion'
gcc: fatal error: no input files
compilation terminated.
configure:3144: $? = 1
configure:3164: checking whether the C compiler works
configure:3186: gcc    conftest.c  >&5
configure:3190: $? = 0
configure:3238: result: yes
configure:3241: checking for C compiler default output file name
configure:3243: result: a.out
configure:3249: checking for suffix of executables
configure:3256: gcc -o conftest    conftest.c  >&5
configure:3260: $? = 0
configure:3282: result: 
configure:3304: checking whether we are cross compiling
configure:3312: gcc -o conftest    conftest.c  >&5
configure:3316: $? = 0
configure:3323: ./conftest
configure:3327: $? = 0
configure:3342: result: no
configure:3347: checking for suffix of object files
configure:3369: gcc -c   conftest.c >&5
configure:3373: $? = 0
configure:3394: result: o
configure:3398: checking whether we are using the GNU C compiler
configure:3417: gcc -c   conftest.c >&5
configure:3417: $? = 0
configure:3426: result: yes
configure:3435: checking whether gcc accepts -g
configure:3455: gcc -c -g  conftest.c >&5
configure:3455: $? = 0
configure:3496: result: yes
configure:3513: checking for gcc option to accept ISO C89
configure:3576: gcc  -c -g -O2  conftest.c >&5
configure:3576: $? = 0
configure:3589: result: none needed
configure:3614: checking whether gcc understands -c and -o together
configure:3636: gcc -c conftest.c -o conftest2.o
configure:3639: $? = 0
configure:3636: gcc -c conftest.c -o conftest2.o
configure:3639: $? = 0
configure:3651: result: yes
configure:3670: checking dependency style of gcc
configure:3781: result: gcc3
configure:3797: checking for library containing strerror
configure:3828: gcc -o conftest -g -O2   conftest.c  >&5
configure:3828: $? = 0
configure:3845: result: none required
configure:3901: checking for gcc
configure:3928: result: gcc
configure:4157: checking for C compiler version
configure:4166: gcc --version >&5
gcc (GCC) 5.3.1 20160406 (Red Hat 5.3.1-6)
Copyright (C) 2015 Free Software Foundation, Inc.
This is free software; see the source for copying conditions.  There is NO
warranty; not even for MERCHANTABILITY or FITNESS FOR A PARTICULAR PURPOSE.

configure:4177: $? = 0
configure:4166: gcc -v >&5
Using built-in specs.
COLLECT_GCC=/usr/bin/gcc
COLLECT_LTO_WRAPPER=/usr/libexec/gcc/x86_64-redhat-linux/5.3.1/lto-wrapper
Target: x86_64-redhat-linux
Configured with: ../configure --enable-bootstrap --enable-languages=c,c++,objc,obj-c++,fortran,ada,go,lto --prefix=/usr --mandir=/usr/share/man --infodir=/usr/share/info --with-bugurl=http://bugzilla.redhat.com/bugzilla --enable-shared --enable-threads=posix --enable-checking=release --enable-multilib --with-system-zlib --enable-__cxa_atexit --disable-libunwind-exceptions --enable-gnu-unique-object --enable-linker-build-id --with-linker-hash-style=gnu --enable-plugin --enable-initfini-array --disable-libgcj --with-isl --enable-libmpx --enable-gnu-indirect-function --with-tune=generic --with-arch_32=i686 --build=x86_64-redhat-linux
Thread model: posix
gcc version 5.3.1 20160406 (Red Hat 5.3.1-6) (GCC) 
configure:4177: $? = 0
configure:4166: gcc -V >&5
gcc: error: unrecognized command line option '-V'
gcc: fatal error: no input files
compilation terminated.
configure:4177: $? = 1
configure:4166: gcc -qversion >&5
gcc: error: unrecognized command line option '-qversion'
gcc: fatal error: no input files
compilation terminated.
configure:4177: $? = 1
configure:4181: checking whether we are using the GNU C compiler
configure:4209: result: yes
configure:4218: checking whether gcc accepts -g
configure:4279: result: yes
configure:4296: checking for gcc option to accept ISO C89
configure:4372: result: none needed
configure:4397: checking whether gcc understands -c and -o together
configure:4434: result: yes
configure:4453: checking dependency style of gcc
configure:4564: result: gcc3
configure:4627: checking for gcc
configure:4654: result: gcc
configure:4883: checking for C compiler version
configure:4892: gcc --version >&5
gcc (GCC) 5.3.1 20160406 (Red Hat 5.3.1-6)
Copyright (C) 2015 Free Software Foundation, Inc.
This is free software; see the source for copying conditions.  There is NO
warranty; not even for MERCHANTABILITY or FITNESS FOR A PARTICULAR PURPOSE.

configure:4903: $? = 0
configure:4892: gcc -v >&5
Using built-in specs.
COLLECT_GCC=/usr/bin/gcc
COLLECT_LTO_WRAPPER=/usr/libexec/gcc/x86_64-redhat-linux/5.3.1/lto-wrapper
Target: x86_64-redhat-linux
Configured with: ../configure --enable-bootstrap --enable-languages=c,c++,objc,obj-c++,fortran,ada,go,lto --prefix=/usr --mandir=/usr/share/man --infodir=/usr/share/info --with-bugurl=http://bugzilla.redhat.com/bugzilla --enable-shared --enable-threads=posix --enable-checking=release --enable-multilib --with-system-zlib --enable-__cxa_atexit --disable-libunwind-exceptions --enable-gnu-unique-object --enable-linker-build-id --with-linker-hash-style=gnu --enable-plugin --enable-initfini-array --disable-libgcj --with-isl --enable-libmpx --enable-gnu-indirect-function --with-tune=generic --with-arch_32=i686 --build=x86_64-redhat-linux
Thread model: posix
gcc version 5.3.1 20160406 (Red Hat 5.3.1-6) (GCC) 
configure:4903: $? = 0
configure:4892: gcc -V >&5
gcc: error: unrecognized command line option '-V'
gcc: fatal error: no input files
compilation terminated.
configure:4903: $? = 1
configure:4892: gcc -qversion >&5
gcc: error: unrecognized command line option '-qversion'
gcc: fatal error: no input files
compilation terminated.
configure:4903: $? = 1
configure:4907: checking whether we are using the GNU C compiler
configure:4935: result: yes
configure:4944: checking whether gcc accepts -g
configure:5005: result: yes
configure:5022: checking for gcc option to accept ISO C89
configure:5098: result: none needed
configure:5123: checking whether gcc understands -c and -o together
configure:5160: result: yes
configure:5179: checking dependency style of gcc
configure:5290: result: gcc3
configure:5312: checking how to run the C preprocessor
configure:5343: gcc -E  conftest.c
configure:5343: $? = 0
configure:5357: gcc -E  conftest.c
conftest.c:11:28: fatal error: ac_nonexistent.h: No such file or directory
compilation terminated.
configure:5357: $? = 1
configure: failed program was:
| /* confdefs.h */
| #define PACKAGE_NAME "rpgd"
| #define PACKAGE_TARNAME "rpgd"
| #define PACKAGE_VERSION "2.5.4"
| #define PACKAGE_STRING "rpgd 2.5.4"
| #define PACKAGE_BUGREPORT "http://robert.hurst-ri.us/games/rpgd/"
| #define PACKAGE_URL ""
| #define PACKAGE "rpgd"
| #define VERSION "2.5.4"
| /* end confdefs.h.  */
| #include <ac_nonexistent.h>
configure:5382: result: gcc -E
configure:5402: gcc -E  conftest.c
configure:5402: $? = 0
configure:5416: gcc -E  conftest.c
conftest.c:11:28: fatal error: ac_nonexistent.h: No such file or directory
compilation terminated.
configure:5416: $? = 1
configure: failed program was:
| /* confdefs.h */
| #define PACKAGE_NAME "rpgd"
| #define PACKAGE_TARNAME "rpgd"
| #define PACKAGE_VERSION "2.5.4"
| #define PACKAGE_STRING "rpgd 2.5.4"
| #define PACKAGE_BUGREPORT "http://robert.hurst-ri.us/games/rpgd/"
| #define PACKAGE_URL ""
| #define PACKAGE "rpgd"
| #define VERSION "2.5.4"
| /* end confdefs.h.  */
| #include <ac_nonexistent.h>
configure:5445: checking for grep that handles long lines and -e
configure:5503: result: /usr/bin/grep
configure:5508: checking for egrep
configure:5570: result: /usr/bin/grep -E
configure:5575: checking for ANSI C header files
configure:5595: gcc -c -g -O2  conftest.c >&5
configure:5595: $? = 0
configure:5668: gcc -o conftest -g -O2   conftest.c  >&5
configure:5668: $? = 0
configure:5668: ./conftest
configure:5668: $? = 0
configure:5679: result: yes
configure:5720: checking build system type
configure:5734: result: x86_64-unknown-linux-gnu
configure:5754: checking host system type
configure:5767: result: x86_64-unknown-linux-gnu
configure:5808: checking how to print strings
configure:5835: result: printf
configure:5856: checking for a sed that does not truncate output
configure:5920: result: /usr/bin/sed
configure:5938: checking for fgrep
configure:6000: result: /usr/bin/grep -F
configure:6035: checking for ld used by gcc
configure:6102: result: /usr/bin/ld
configure:6109: checking if the linker (/usr/bin/ld) is GNU ld
configure:6124: result: yes
configure:6136: checking for BSD- or MS-compatible name lister (nm)
configure:6185: result: /usr/bin/nm -B
configure:6315: checking the name lister (/usr/bin/nm -B) interface
configure:6322: gcc -c -g -O2  conftest.c >&5
configure:6325: /usr/bin/nm -B "conftest.o"
configure:6328: output
0000000000000000 B some_variable
configure:6335: result: BSD nm
configure:6338: checking whether ln -s works
configure:6342: result: yes
configure:6350: checking the maximum length of command line arguments
configure:6480: result: 1572864
configure:6497: checking whether the shell understands some XSI constructs
configure:6507: result: yes
configure:6511: checking whether the shell understands "+="
configure:6517: result: yes
configure:6552: checking how to convert x86_64-unknown-linux-gnu file names to x86_64-unknown-linux-gnu format
configure:6592: result: func_convert_file_noop
configure:6599: checking how to convert x86_64-unknown-linux-gnu file names to toolchain format
configure:6619: result: func_convert_file_noop
configure:6626: checking for /usr/bin/ld option to reload object files
configure:6633: result: -r
configure:6707: checking for objdump
configure:6723: found /usr/bin/objdump
configure:6734: result: objdump
configure:6766: checking how to recognize dependent libraries
configure:6968: result: pass_all
configure:7053: checking for dlltool
configure:7083: result: no
configure:7113: checking how to associate runtime and link libraries
configure:7140: result: printf %s\n
configure:7200: checking for ar
configure:7216: found /usr/bin/ar
configure:7227: result: ar
configure:7264: checking for archiver @FILE support
configure:7281: gcc -c -g -O2  conftest.c >&5
configure:7281: $? = 0
configure:7284: ar cru libconftest.a @conftest.lst >&5
ar: `u' modifier ignored since `D' is the default (see `U')
configure:7287: $? = 0
configure:7292: ar cru libconftest.a @conftest.lst >&5
ar: `u' modifier ignored since `D' is the default (see `U')
ar: conftest.o: No such file or directory
configure:7295: $? = 1
configure:7307: result: @
configure:7365: checking for strip
configure:7381: found /usr/bin/strip
configure:7392: result: strip
configure:7464: checking for ranlib
configure:7480: found /usr/bin/ranlib
configure:7491: result: ranlib
configure:7593: checking command to parse /usr/bin/nm -B output from gcc object
configure:7713: gcc -c -g -O2  conftest.c >&5
configure:7716: $? = 0
configure:7720: /usr/bin/nm -B conftest.o \| sed -n -e 's/^.*[ ]\([ABCDGIRSTW][ABCDGIRSTW]*\)[ ][ ]*\([_A-Za-z][_A-Za-z0-9]*\)$/\1 \2 \2/p' | sed '/ __gnu_lto/d' \> conftest.nm
configure:7723: $? = 0
configure:7789: gcc -o conftest -g -O2   conftest.c conftstm.o >&5
configure:7792: $? = 0
configure:7830: result: ok
configure:7867: checking for sysroot
configure:7897: result: no
configure:7974: gcc -c -g -O2  conftest.c >&5
configure:7977: $? = 0
configure:8159: checking for mt
configure:8189: result: no
configure:8209: checking if : is a manifest tool
configure:8215: : '-?'
configure:8223: result: no
configure:8865: checking for sys/types.h
configure:8865: gcc -c -g -O2  conftest.c >&5
configure:8865: $? = 0
configure:8865: result: yes
configure:8865: checking for sys/stat.h
configure:8865: gcc -c -g -O2  conftest.c >&5
configure:8865: $? = 0
configure:8865: result: yes
configure:8865: checking for stdlib.h
configure:8865: gcc -c -g -O2  conftest.c >&5
configure:8865: $? = 0
configure:8865: result: yes
configure:8865: checking for string.h
configure:8865: gcc -c -g -O2  conftest.c >&5
configure:8865: $? = 0
configure:8865: result: yes
configure:8865: checking for memory.h
configure:8865: gcc -c -g -O2  conftest.c >&5
configure:8865: $? = 0
configure:8865: result: yes
configure:8865: checking for strings.h
configure:8865: gcc -c -g -O2  conftest.c >&5
configure:8865: $? = 0
configure:8865: result: yes
configure:8865: checking for inttypes.h
configure:8865: gcc -c -g -O2  conftest.c >&5
configure:8865: $? = 0
configure:8865: result: yes
configure:8865: checking for stdint.h
configure:8865: gcc -c -g -O2  conftest.c >&5
configure:8865: $? = 0
configure:8865: result: yes
configure:8865: checking for unistd.h
configure:8865: gcc -c -g -O2  conftest.c >&5
configure:8865: $? = 0
configure:8865: result: yes
configure:8879: checking for dlfcn.h
configure:8879: gcc -c -g -O2  conftest.c >&5
configure:8879: $? = 0
configure:8879: result: yes
configure:9085: checking for objdir
configure:9100: result: .libs
configure:9371: checking if gcc supports -fno-rtti -fno-exceptions
configure:9389: gcc -c -g -O2  -fno-rtti -fno-exceptions conftest.c >&5
cc1: warning: command line option '-fno-rtti' is valid for C++/ObjC++ but not for C
cc1: warning: command line option '-fno-rtti' is valid for C++/ObjC++ but not for C
configure:9393: $? = 0
configure:9406: result: no
configure:9733: checking for gcc option to produce PIC
configure:9740: result: -fPIC -DPIC
configure:9748: checking if gcc PIC flag -fPIC -DPIC works
configure:9766: gcc -c -g -O2  -fPIC -DPIC -DPIC conftest.c >&5
configure:9770: $? = 0
configure:9783: result: yes
configure:9812: checking if gcc static flag -static works
configure:9840: result: no
configure:9855: checking if gcc supports -c -o file.o
configure:9876: gcc -c -g -O2  -o out/conftest2.o conftest.c >&5
configure:9880: $? = 0
configure:9902: result: yes
configure:9910: checking if gcc supports -c -o file.o
configure:9957: result: yes
configure:9990: checking whether the gcc linker (/usr/bin/ld -m elf_x86_64) supports shared libraries
configure:11143: result: yes
configure:11180: checking whether -lc should be explicitly linked in
configure:11188: gcc -c -g -O2  conftest.c >&5
configure:11191: $? = 0
configure:11206: gcc -shared  -fPIC -DPIC conftest.o  -v -Wl,-soname -Wl,conftest -o conftest 2\>\&1 \| /usr/bin/grep  -lc  \>/dev/null 2\>\&1
configure:11209: $? = 0
configure:11223: result: no
configure:11383: checking dynamic linker characteristics
configure:11894: gcc -o conftest -g -O2   -Wl,-rpath -Wl,/foo conftest.c  >&5
configure:11894: $? = 0
configure:12120: result: GNU/Linux ld.so
configure:12227: checking how to hardcode library paths into programs
configure:12252: result: immediate
configure:12792: checking whether stripping libraries is possible
configure:12797: result: yes
configure:12832: checking if libtool supports shared libraries
configure:12834: result: yes
configure:12837: checking whether to build shared libraries
configure:12858: result: yes
configure:12861: checking whether to build static libraries
configure:12865: result: yes
configure:13016: checking that generated files are newer than configure
configure:13022: result: done
configure:13057: creating ./config.status

## ---------------------- ##
## Running config.status. ##
## ---------------------- ##

This file was extended by rpgd config.status 2.5.4, which was
generated by GNU Autoconf 2.69.  Invocation command line was

  CONFIG_FILES    = 
  CONFIG_HEADERS  = 
  CONFIG_LINKS    = 
  CONFIG_COMMANDS = 
  $ ./config.status 

on rhurst-laptop

config.status:1083: creating Makefile
config.status:1083: creating config.h
config.status:1264: config.h is unchanged
config.status:1312: executing depfiles commands
config.status:1312: executing libtool commands

## ---------------- ##
## Cache variables. ##
## ---------------- ##

ac_cv_build=x86_64-unknown-linux-gnu
ac_cv_c_compiler_gnu=yes
ac_cv_env_CC_set=
ac_cv_env_CC_value=
ac_cv_env_CFLAGS_set=
ac_cv_env_CFLAGS_value=
ac_cv_env_CPPFLAGS_set=
ac_cv_env_CPPFLAGS_value=
ac_cv_env_CPP_set=
ac_cv_env_CPP_value=
ac_cv_env_LDFLAGS_set=
ac_cv_env_LDFLAGS_value=
ac_cv_env_LIBS_set=
ac_cv_env_LIBS_value=
ac_cv_env_build_alias_set=
ac_cv_env_build_alias_value=
ac_cv_env_host_alias_set=
ac_cv_env_host_alias_value=
ac_cv_env_target_alias_set=
ac_cv_env_target_alias_value=
ac_cv_header_dlfcn_h=yes
ac_cv_header_inttypes_h=yes
ac_cv_header_memory_h=yes
ac_cv_header_stdc=yes
ac_cv_header_stdint_h=yes
ac_cv_header_stdlib_h=yes
ac_cv_header_string_h=yes
ac_cv_header_strings_h=yes
ac_cv_header_sys_stat_h=yes
ac_cv_header_sys_types_h=yes
ac_cv_header_unistd_h=yes
ac_cv_host=x86_64-unknown-linux-gnu
ac_cv_objext=o
ac_cv_path_EGREP='/usr/bin/grep -E'
ac_cv_path_FGREP='/usr/bin/grep -F'
ac_cv_path_GREP=/usr/bin/grep
ac_cv_path_SED=/usr/bin/sed
ac_cv_path_install='/usr/bin/install -c'
ac_cv_path_mkdir=/usr/bin/mkdir
ac_cv_prog_AWK=gawk
ac_cv_prog_CPP='gcc -E'
ac_cv_prog_ac_ct_AR=ar
ac_cv_prog_ac_ct_CC=gcc
ac_cv_prog_ac_ct_OBJDUMP=objdump
ac_cv_prog_ac_ct_RANLIB=ranlib
ac_cv_prog_ac_ct_STRIP=strip
ac_cv_prog_cc_c89=
ac_cv_prog_cc_g=yes
ac_cv_prog_make_make_set=yes
ac_cv_search_strerror='none required'
am_cv_CC_dependencies_compiler_type=gcc3
am_cv_make_support_nested_variables=yes
am_cv_prog_cc_c_o=yes
am_cv_prog_cc_stdc=
lt_cv_ar_at_file=@
lt_cv_archive_cmds_need_lc=no
lt_cv_deplibs_check_method=pass_all
lt_cv_file_magic_cmd='$MAGIC_CMD'
lt_cv_file_magic_test_file=
lt_cv_ld_reload_flag=-r
lt_cv_nm_interface='BSD nm'
lt_cv_objdir=.libs
lt_cv_path_LD=/usr/bin/ld
lt_cv_path_NM='/usr/bin/nm -B'
lt_cv_path_mainfest_tool=no
lt_cv_prog_compiler_c_o=yes
lt_cv_prog_compiler_pic='-fPIC -DPIC'
lt_cv_prog_compiler_pic_works=yes
lt_cv_prog_compiler_rtti_exceptions=no
lt_cv_prog_compiler_static_works=no
lt_cv_prog_gnu_ld=yes
lt_cv_sharedlib_from_linklib_cmd='printf %s\n'
lt_cv_shlibpath_overrides_runpath=no
lt_cv_sys_global_symbol_pipe='sed -n -e '\''s/^.*[	 ]\([ABCDGIRSTW][ABCDGIRSTW]*\)[	 ][	 ]*\([_A-Za-z][_A-Za-z0-9]*\)$/\1 \2 \2/p'\'' | sed '\''/ __gnu_lto/d'\'''
lt_cv_sys_global_symbol_to_c_name_address='sed -n -e '\''s/^: \([^ ]*\)[ ]*$/  {\"\1\", (void *) 0},/p'\'' -e '\''s/^[ABCDGIRSTW]* \([^ ]*\) \([^ ]*\)$/  {"\2", (void *) \&\2},/p'\'''
lt_cv_sys_global_symbol_to_c_name_address_lib_prefix='sed -n -e '\''s/^: \([^ ]*\)[ ]*$/  {\"\1\", (void *) 0},/p'\'' -e '\''s/^[ABCDGIRSTW]* \([^ ]*\) \(lib[^ ]*\)$/  {"\2", (void *) \&\2},/p'\'' -e '\''s/^[ABCDGIRSTW]* \([^ ]*\) \([^ ]*\)$/  {"lib\2", (void *) \&\2},/p'\'''
lt_cv_sys_global_symbol_to_cdecl='sed -n -e '\''s/^T .* \(.*\)$/extern int \1();/p'\'' -e '\''s/^[ABCDGIRSTW]* .* \(.*\)$/extern char \1;/p'\'''
lt_cv_sys_max_cmd_len=1572864
lt_cv_to_host_file_cmd=func_convert_file_noop
lt_cv_to_tool_file_cmd=func_convert_file_noop

## ----------------- ##
## Output variables. ##
## ----------------- ##

ACLOCAL='${SHELL} /home/rhurst/src/rpgd/missing aclocal-1.15'
AMDEPBACKSLASH='\'
AMDEP_FALSE='#'
AMDEP_TRUE=''
AMTAR='$${TAR-tar}'
AM_BACKSLASH='\'
AM_DEFAULT_V='$(AM_DEFAULT_VERBOSITY)'
AM_DEFAULT_VERBOSITY='1'
AM_V='$(V)'
AR='ar'
AUTOCONF='${SHELL} /home/rhurst/src/rpgd/missing autoconf'
AUTOHEADER='${SHELL} /home/rhurst/src/rpgd/missing autoheader'
AUTOMAKE='${SHELL} /home/rhurst/src/rpgd/missing automake-1.15'
AWK='gawk'
CC='gcc'
CCDEPMODE='depmode=gcc3'
CFLAGS='-g -O2'
CPP='gcc -E'
CPPFLAGS=''
CYGPATH_W='echo'
DEFS='-DHAVE_CONFIG_H'
DEPDIR='.deps'
DLLTOOL='false'
DSYMUTIL=''
DUMPBIN=''
ECHO_C=''
ECHO_N='-n'
ECHO_T=''
EGREP='/usr/bin/grep -E'
EXEEXT=''
FGREP='/usr/bin/grep -F'
GREP='/usr/bin/grep'
INSTALL_DATA='${INSTALL} -m 644'
INSTALL_PROGRAM='${INSTALL}'
INSTALL_SCRIPT='${INSTALL}'
INSTALL_STRIP_PROGRAM='$(install_sh) -c -s'
LD='/usr/bin/ld -m elf_x86_64'
LDFLAGS=''
LIBOBJS=''
LIBS=''
LIBTOOL='$(SHELL) $(top_builddir)/libtool'
LIPO=''
LN_S='ln -s'
LTLIBOBJS=''
MAINT=''
MAINTAINER_MODE_FALSE='#'
MAINTAINER_MODE_TRUE=''
MAKEINFO='${SHELL} /home/rhurst/src/rpgd/missing makeinfo'
MANIFEST_TOOL=':'
MKDIR_P='/usr/bin/mkdir -p'
NM='/usr/bin/nm -B'
NMEDIT=''
OBJDUMP='objdump'
OBJEXT='o'
OTOOL64=''
OTOOL=''
PACKAGE='rpgd'
PACKAGE_BUGREPORT='http://robert.hurst-ri.us/games/rpgd/'
PACKAGE_NAME='rpgd'
PACKAGE_STRING='rpgd 2.5.4'
PACKAGE_TARNAME='rpgd'
PACKAGE_URL=''
PACKAGE_VERSION='2.5.4'
PATH_SEPARATOR=':'
RANLIB='ranlib'
SED='/usr/bin/sed'
SET_MAKE=''
SHELL='/bin/sh'
STRIP='strip'
VERSION='2.5.4'
ac_ct_AR='ar'
ac_ct_CC='gcc'
ac_ct_DUMPBIN=''
am__EXEEXT_FALSE=''
am__EXEEXT_TRUE='#'
am__fastdepCC_FALSE='#'
am__fastdepCC_TRUE=''
am__include='include'
am__isrc=''
am__leading_dot='.'
am__nodep='_no'
am__quote=''
am__tar='$${TAR-tar} chof - "$$tardir"'
am__untar='$${TAR-tar} xf -'
bindir='${exec_prefix}/bin'
build='x86_64-unknown-linux-gnu'
build_alias=''
build_cpu='x86_64'
build_os='linux-gnu'
build_vendor='unknown'
datadir='${datarootdir}'
datarootdir='${prefix}/share'
docdir='${datarootdir}/doc/${PACKAGE_TARNAME}'
dvidir='${docdir}'
exec_prefix='${prefix}'
host='x86_64-unknown-linux-gnu'
host_alias=''
host_cpu='x86_64'
host_os='linux-gnu'
host_vendor='unknown'
htmldir='${docdir}'
includedir='${prefix}/include'
infodir='${datarootdir}/info'
install_sh='${SHELL} /home/rhurst/src/rpgd/install-sh'
libdir='${exec_prefix}/lib'
libexecdir='${exec_prefix}/libexec'
localedir='${datarootdir}/locale'
localstatedir='${prefix}/var'
mandir='${datarootdir}/man'
mkdir_p='$(MKDIR_P)'
oldincludedir='/usr/include'
pdfdir='${docdir}'
prefix='/usr/local'
program_transform_name='s,x,x,'
psdir='${docdir}'
sbindir='${exec_prefix}/sbin'
sharedstatedir='${prefix}/com'
sysconfdir='${prefix}/etc'
target_alias=''

## ----------- ##
## confdefs.h. ##
## ----------- ##

/* confdefs.h */
#define PACKAGE_NAME "rpgd"
#define PACKAGE_TARNAME "rpgd"
#define PACKAGE_VERSION "2.5.4"
#define PACKAGE_STRING "rpgd 2.5.4"
#define PACKAGE_BUGREPORT "http://robert.hurst-ri.us/games/rpgd/"
#define PACKAGE_URL ""
#define PACKAGE "rpgd"
#define VERSION "2.5.4"
#define STDC_HEADERS 1
#define HAVE_SYS_TYPES_H 1
#define HAVE_SYS_STAT_H 1
#define HAVE_STDLIB_H 1
#define HAVE_STRING_H 1
#define HAVE_MEMORY_H 1
#define HAVE_STRINGS_H 1
#define HAVE_INTTYPES_H 1
#define HAVE_STDINT_H 1
#define HAVE_UNISTD_H 1
#define HAVE_DLFCN_H 1
#define LT_OBJDIR ".libs/"

configure: exit 0
